app/manifest-merger-release-report.txt
-- Merging decision tree log ---
manifest
ADDED from AndroidManifest.xml:2:1
	xmlns:android
		ADDED from AndroidManifest.xml:2:11
	package
		ADDED from AndroidManifest.xml:3:11
		INJECTED from AndroidManifest.xml:0:0
		INJECTED from AndroidManifest.xml:0:0
	android:versionName
		INJECTED from AndroidManifest.xml:0:0
		INJECTED from AndroidManifest.xml:0:0
	android:versionCode
		INJECTED from AndroidManifest.xml:0:0
		INJECTED from AndroidManifest.xml:0:0
uses-permission#android.permission.BLUETOOTH
ADDED from AndroidManifest.xml:5:5
	android:name
		ADDED from AndroidManifest.xml:5:22
uses-permission#android.permission.INTERNET
ADDED from AndroidManifest.xml:7:5
MERGED from com.crashlytics.sdk.android:crashlytics:2.1.0:11:5
	android:name
		ADDED from AndroidManifest.xml:7:22
uses-permission#android.permission.ACCESS_WIFI_STATE
ADDED from AndroidManifest.xml:8:5
	android:name
		ADDED from AndroidManifest.xml:8:22
uses-permission#android.permission.ACCESS_NETWORK_STATE
ADDED from AndroidManifest.xml:9:5
	android:name
		ADDED from AndroidManifest.xml:9:22
uses-permission#android.permission.GET_ACCOUNTS
ADDED from AndroidManifest.xml:11:5
	android:name
		ADDED from AndroidManifest.xml:11:22
uses-permission#android.permission.WAKE_LOCK
ADDED from AndroidManifest.xml:12:5
	android:name
		ADDED from AndroidManifest.xml:12:22
uses-permission#com.google.android.c2dm.permission.RECEIVE
ADDED from AndroidManifest.xml:13:5
	android:name
		ADDED from AndroidManifest.xml:13:22
uses-permission#io.relayr.tellmewhen.permission.C2D_MESSAGE
ADDED from AndroidManifest.xml:14:5
	android:name
		ADDED from AndroidManifest.xml:14:22
permission#io.relayr.tellmewhen.permission.C2D_MESSAGE
ADDED from AndroidManifest.xml:15:5
	android:protectionLevel
		ADDED from AndroidManifest.xml:17:9
	android:name
		ADDED from AndroidManifest.xml:16:9
supports-screens
ADDED from AndroidManifest.xml:19:5
	android:largeScreens
		ADDED from AndroidManifest.xml:21:9
	android:anyDensity
		ADDED from AndroidManifest.xml:24:9
	android:normalScreens
		ADDED from AndroidManifest.xml:23:9
	android:xlargeScreens
		ADDED from AndroidManifest.xml:22:9
	android:smallScreens
		ADDED from AndroidManifest.xml:20:9
application
ADDED from AndroidManifest.xml:26:5
MERGED from com.android.support:appcompat-v7:21.0.2:16:5
MERGED from com.android.support:support-v4:21.0.2:16:5
MERGED from io.relayr:android-sdk:0.0.5:11:5
MERGED from com.google.android.gms:play-services:6.5.87:20:5
MERGED from com.android.support:support-v4:21.0.2:16:5
MERGED from de.timroes.android:EnhancedListView:0.3.4:12:5
MERGED from com.android.support:support-v4:21.0.2:16:5
MERGED from com.github.castorflex.smoothprogressbar:library:0.5.2:4:5
MERGED from com.crashlytics.sdk.android:crashlytics:2.1.0:13:5
MERGED from com.crashlytics.sdk.android:beta:1.0.2:11:5
MERGED from io.fabric.sdk.android:fabric:1.0.2:11:5
MERGED from com.crashlytics.sdk.android:answers:1.0.2:11:5
MERGED from io.fabric.sdk.android:fabric:1.0.2:11:5
MERGED from io.fabric.sdk.android:fabric:1.0.2:11:5
	android:label
		ADDED from AndroidManifest.xml:29:9
	android:allowBackup
		ADDED from AndroidManifest.xml:27:9
	android:icon
		ADDED from AndroidManifest.xml:28:9
	android:theme
		ADDED from AndroidManifest.xml:30:9
	android:name
		ADDED from AndroidManifest.xml:31:9
meta-data#com.google.android.gms.version
ADDED from AndroidManifest.xml:33:9
MERGED from com.google.android.gms:play-services:6.5.87:21:9
	android:name
		ADDED from AndroidManifest.xml:34:13
	android:value
		ADDED from AndroidManifest.xml:35:13
meta-data#AA_DB_NAME
ADDED from AndroidManifest.xml:36:9
	android:name
		ADDED from AndroidManifest.xml:37:13
	android:value
		ADDED from AndroidManifest.xml:38:13
meta-data#AA_DB_VERSION
ADDED from AndroidManifest.xml:39:9
	android:name
		ADDED from AndroidManifest.xml:40:13
	android:value
		ADDED from AndroidManifest.xml:41:13
activity#io.relayr.tellmewhen.app.MainActivity
ADDED from AndroidManifest.xml:43:9
	android:screenOrientation
		ADDED from AndroidManifest.xml:46:13
	android:label
		ADDED from AndroidManifest.xml:45:13
	android:name
		ADDED from AndroidManifest.xml:44:13
	android:launchMode
		ADDED from AndroidManifest.xml:47:13
intent-filter#android.intent.action.MAIN+android.intent.category.LAUNCHER
ADDED from AndroidManifest.xml:48:13
action#android.intent.action.MAIN
ADDED from AndroidManifest.xml:49:17
	android:name
		ADDED from AndroidManifest.xml:49:25
category#android.intent.category.LAUNCHER
ADDED from AndroidManifest.xml:51:17
	android:name
		ADDED from AndroidManifest.xml:51:27
activity#io.relayr.tellmewhen.app.ReachabilityActivity
ADDED from AndroidManifest.xml:54:9
	android:screenOrientation
		ADDED from AndroidManifest.xml:57:13
	android:label
		ADDED from AndroidManifest.xml:56:13
	android:name
		ADDED from AndroidManifest.xml:55:13
receiver#io.relayr.tellmewhen.gcm.GcmBroadcastReceiver
ADDED from AndroidManifest.xml:60:9
	android:permission
		ADDED from AndroidManifest.xml:62:13
	android:name
		ADDED from AndroidManifest.xml:61:13
intent-filter#com.google.android.c2dm.intent.RECEIVE+io.relayr.tellmewhen
ADDED from AndroidManifest.xml:63:13
action#com.google.android.c2dm.intent.RECEIVE
ADDED from AndroidManifest.xml:64:17
	android:name
		ADDED from AndroidManifest.xml:64:25
category#io.relayr.tellmewhen
ADDED from AndroidManifest.xml:65:17
	android:name
		ADDED from AndroidManifest.xml:65:27
receiver#io.relayr.tellmewhen.gcm.NotificationBroadcastReceiver
ADDED from AndroidManifest.xml:69:9
	android:name
		ADDED from AndroidManifest.xml:69:19
intent-filter#tmw_notification_canceled
ADDED from AndroidManifest.xml:70:13
action#tmw_notification_canceled
ADDED from AndroidManifest.xml:71:17
	android:name
		ADDED from AndroidManifest.xml:71:25
service#io.relayr.tellmewhen.gcm.GcmIntentService
ADDED from AndroidManifest.xml:75:9
	android:name
		ADDED from AndroidManifest.xml:75:18
meta-data#com.crashlytics.ApiKey
ADDED from AndroidManifest.xml:77:9
	android:name
		ADDED from AndroidManifest.xml:78:13
	android:value
		ADDED from AndroidManifest.xml:79:13
uses-sdk
INJECTED from AndroidManifest.xml:0:0 reason: use-sdk injection requested
MERGED from com.android.support:appcompat-v7:21.0.2:15:5
MERGED from com.android.support:support-v4:21.0.2:15:5
MERGED from io.relayr:android-sdk:0.0.5:7:5
MERGED from io.relayr:android-commons:1.0:7:5
MERGED from com.google.android.gms:play-services:6.5.87:18:5
MERGED from com.android.support:support-v4:21.0.2:15:5
MERGED from de.timroes.android:EnhancedListView:0.3.4:8:5
MERGED from com.android.support:support-v4:21.0.2:15:5
MERGED from com.github.castorflex.smoothprogressbar:library:0.5.2:2:5
MERGED from com.crashlytics.sdk.android:crashlytics:2.1.0:7:5
MERGED from com.crashlytics.sdk.android:beta:1.0.2:7:5
MERGED from io.fabric.sdk.android:fabric:1.0.2:7:5
MERGED from com.crashlytics.sdk.android:answers:1.0.2:7:5
MERGED from io.fabric.sdk.android:fabric:1.0.2:7:5
MERGED from io.fabric.sdk.android:fabric:1.0.2:7:5
	android:targetSdkVersion
		INJECTED from AndroidManifest.xml:0:0
		INJECTED from AndroidManifest.xml:0:0
	android:minSdkVersion
		INJECTED from AndroidManifest.xml:0:0
		INJECTED from AndroidManifest.xml:0:0
activity#io.relayr.activity.LoginActivity
ADDED from io.relayr:android-sdk:0.0.5:12:9
	android:screenOrientation
		ADDED from io.relayr:android-sdk:0.0.5:15:13
	android:configChanges
		ADDED from io.relayr:android-sdk:0.0.5:14:13
	android:theme
		ADDED from io.relayr:android-sdk:0.0.5:16:13
	android:name
		ADDED from io.relayr:android-sdk:0.0.5:13:13